<?xml version="1.0" encoding="UTF-8"?>
<testsuite name="UnitTest" time="0.341" tests="2" errors="0" skipped="0" failures="0">
  <properties>
    <property name="idea.version" value="2020.2.1"/>
    <property name="java.runtime.name" value="Java(TM) SE Runtime Environment"/>
    <property name="sun.boot.library.path" value="D:\software\java\java7\jre\bin"/>
    <property name="java.vm.version" value="24.80-b11"/>
    <property name="java.vm.vendor" value="Oracle Corporation"/>
    <property name="maven.multiModuleProjectDirectory" value="D:\PersonCode\release_update_tools\monitor\monitor"/>
    <property name="java.vendor.url" value="http://java.oracle.com/"/>
    <property name="path.separator" value=";"/>
    <property name="guice.disable.misplaced.annotation.check" value="true"/>
    <property name="java.vm.name" value="Java HotSpot(TM) Client VM"/>
    <property name="file.encoding.pkg" value="sun.io"/>
    <property name="user.script" value=""/>
    <property name="user.country" value="CN"/>
    <property name="sun.java.launcher" value="SUN_STANDARD"/>
    <property name="sun.os.patch.level" value=""/>
    <property name="java.vm.specification.name" value="Java Virtual Machine Specification"/>
    <property name="user.dir" value="D:\PersonCode\release_update_tools\monitor\monitor"/>
    <property name="java.runtime.version" value="1.7.0_80-b15"/>
    <property name="java.awt.graphicsenv" value="sun.awt.Win32GraphicsEnvironment"/>
    <property name="java.endorsed.dirs" value="D:\software\java\java7\jre\lib\endorsed"/>
    <property name="os.arch" value="x86"/>
    <property name="java.io.tmpdir" value="C:\Users\89264\AppData\Local\Temp\"/>
    <property name="line.separator" value="&#10;"/>
    <property name="java.vm.specification.vendor" value="Oracle Corporation"/>
    <property name="user.variant" value=""/>
    <property name="os.name" value="Windows 8.1"/>
    <property name="maven.ext.class.path" value="D:\software\IntelliJ IDEA Community Edition\plugins\maven\lib\maven-event-listener.jar"/>
    <property name="classworlds.conf" value="D:\software\apache-maven-3.6.2\bin\m2.conf"/>
    <property name="sun.jnu.encoding" value="GBK"/>
    <property name="java.library.path" value="D:\software\java\java7\bin;C:\WINDOWS\Sun\Java\bin;C:\WINDOWS\system32;C:\WINDOWS;D:\software\java\java8\bin;C:\Program Files (x86)\NVIDIA Corporation\PhysX\Common;C:\Program Files (x86)\Intel\iCLS Client\;C:\Program Files\Intel\iCLS Client\;C:\WINDOWS\system32;C:\WINDOWS;C:\WINDOWS\System32\Wbem;C:\WINDOWS\System32\WindowsPowerShell\v1.0\;C:\Program Files\Intel\Intel(R) Management Engine Components\DAL;C:\Program Files\Intel\Intel(R) Management Engine Components\IPT;C:\Program Files (x86)\Intel\Intel(R) Management Engine Components\DAL;C:\Program Files (x86)\Intel\Intel(R) Management Engine Components\IPT;D:\software\svn\bin;D:\software\MySQL Server 5.5\bin;D:\software\Microsoft VS Code\bin;C:\WINDOWS\System32\OpenSSH\;D:\software\Git\cmd;D:\software\Git\bin;D:\software\Git\mingw64\bin;D:\software\Git\usr\bin;D:\software\apache-maven-3.6.2\bin;C:\ProgramData\chocolatey\bin;D:\software\nodejs\;D:\software\Yarn\bin\;D:\software\flutter\bin;D:\software\androidsdk\platform-tools;D:\software\androidsdk\tools;D:\software\Go\bin;D:\software\protoc\bin;D:\software\phpstudy_pro\Extensions\MySQL5.7.26\bin;C:\Users\89264\AppData\Local\Microsoft\WindowsApps\wt.exe;C:\Program Files (x86)\Tesseract-OCR;C:\Users\89264\AppData\Local\Programs\Python\Python36\Scripts\;C:\Users\89264\AppData\Local\Programs\Python\Python36\;C:\Users\89264\AppData\Local\Microsoft\WindowsApps;C:\Users\89264\go\bin;C:\Program Files (x86)\Nmap;."/>
    <property name="maven.conf" value="D:\software\apache-maven-3.6.2/conf"/>
    <property name="java.specification.name" value="Java Platform API Specification"/>
    <property name="java.class.version" value="51.0"/>
    <property name="sun.management.compiler" value="HotSpot Client Compiler"/>
    <property name="os.version" value="6.3"/>
    <property name="user.home" value="C:\Users\89264"/>
    <property name="user.timezone" value="Asia/Shanghai"/>
    <property name="java.awt.printerjob" value="sun.awt.windows.WPrinterJob"/>
    <property name="java.specification.version" value="1.7"/>
    <property name="file.encoding" value="UTF-8"/>
    <property name="user.name" value="89264"/>
    <property name="java.class.path" value="D:\software\apache-maven-3.6.2\boot\plexus-classworlds-2.6.0.jar;D:\software\IntelliJ IDEA Community Edition\lib\idea_rt.jar"/>
    <property name="java.vm.specification.version" value="1.7"/>
    <property name="sun.arch.data.model" value="32"/>
    <property name="java.home" value="D:\software\java\java7\jre"/>
    <property name="sun.java.command" value="org.codehaus.classworlds.Launcher -Didea.version=2020.2.1 -s D:\software\apache-maven-3.6.2\conf\settings.xml package"/>
    <property name="java.specification.vendor" value="Oracle Corporation"/>
    <property name="user.language" value="zh"/>
    <property name="awt.toolkit" value="sun.awt.windows.WToolkit"/>
    <property name="java.vm.info" value="mixed mode, sharing"/>
    <property name="java.version" value="1.7.0_80"/>
    <property name="java.ext.dirs" value="D:\software\java\java7\jre\lib\ext;C:\WINDOWS\Sun\Java\lib\ext"/>
    <property name="sun.boot.class.path" value="D:\software\java\java7\jre\lib\resources.jar;D:\software\java\java7\jre\lib\rt.jar;D:\software\java\java7\jre\lib\sunrsasign.jar;D:\software\java\java7\jre\lib\jsse.jar;D:\software\java\java7\jre\lib\jce.jar;D:\software\java\java7\jre\lib\charsets.jar;D:\software\java\java7\jre\lib\jfr.jar;D:\software\java\java7\jre\classes"/>
    <property name="java.vendor" value="Oracle Corporation"/>
    <property name="maven.home" value="D:\software\apache-maven-3.6.2"/>
    <property name="file.separator" value="\"/>
    <property name="java.vendor.url.bug" value="http://bugreport.sun.com/bugreport/"/>
    <property name="sun.cpu.endian" value="little"/>
    <property name="sun.io.unicode.encoding" value="UnicodeLittle"/>
    <property name="sun.desktop" value="windows"/>
    <property name="sun.cpu.isalist" value="pentium_pro+mmx pentium_pro pentium+mmx pentium i486 i386 i86"/>
  </properties>
  <testcase name="test1" classname="UnitTest" time="0"/>
  <testcase name="test2" classname="UnitTest" time="0.341"/>
</testsuite>